2016/02/15 09:31:42 [error] [php] Undefined variable: dataProvider (C:\Server\data\htdocs\bmw-price\protected\views\autoColor\index.php:18)
Stack trace:
#0 C:\Server\data\htdocs\bmw-price\framework\web\CController.php(869): AutoColorController->renderFile()
#1 C:\Server\data\htdocs\bmw-price\framework\web\CController.php(782): AutoColorController->renderPartial()
#2 C:\Server\data\htdocs\bmw-price\protected\controllers\AutoColorController.php(49): AutoColorController->render()
#3 C:\Server\data\htdocs\bmw-price\framework\web\actions\CInlineAction.php(49): AutoColorController->actionIndex()
#4 C:\Server\data\htdocs\bmw-price\framework\web\CController.php(308): CInlineAction->runWithParams()
#5 C:\Server\data\htdocs\bmw-price\framework\web\filters\CFilterChain.php(133): AutoColorController->runAction()
#6 C:\Server\data\htdocs\bmw-price\framework\web\filters\CFilter.php(40): CFilterChain->run()
#7 C:\Server\data\htdocs\bmw-price\framework\web\CController.php(1145): CAccessControlFilter->filter()
#8 C:\Server\data\htdocs\bmw-price\framework\web\filters\CInlineFilter.php(58): AutoColorController->filterAccessControl()
#9 C:\Server\data\htdocs\bmw-price\framework\web\filters\CFilterChain.php(130): CInlineFilter->filter()
#10 C:\Server\data\htdocs\bmw-price\framework\web\CController.php(291): CFilterChain->run()
#11 C:\Server\data\htdocs\bmw-price\framework\web\CController.php(265): AutoColorController->runActionWithFilters()
#12 C:\Server\data\htdocs\bmw-price\framework\web\CWebApplication.php(282): AutoColorController->run()
#13 C:\Server\data\htdocs\bmw-price\framework\web\CWebApplication.php(141): CWebApplication->runController()
#14 C:\Server\data\htdocs\bmw-price\framework\base\CApplication.php(185): CWebApplication->processRequest()
#15 C:\Server\data\htdocs\bmw-price\index.php(13): CWebApplication->run()
REQUEST_URI=/bmw-price/index.php?r=autoColor/index
in C:\Server\data\htdocs\bmw-price\protected\views\autoColor\index.php (18)
in C:\Server\data\htdocs\bmw-price\protected\controllers\AutoColorController.php (49)
in C:\Server\data\htdocs\bmw-price\index.php (13)
